
> erp-desdobra@0.1.0 dev
> next dev

тЪа Port 3000 is in use by process 25495, using available port 3001 instead.
тЦ▓ Next.js 16.1.0 (Turbopack)
- Local:         http://localhost:3001
- Network:       http://192.168.0.129:3001
- Environments: .env.local

тЬУ Starting...
тЪа The "middleware" file convention is deprecated. Please use "proxy" instead. Learn more: https://nextjs.org/docs/messages/middleware-to-proxy
тЬУ Ready in 1348ms
Persisting failed: Unable to open static sorted file referenced from 00000020.meta

Caused by:
    0: Unable to open static sorted file 00000019.sst
    1: No such file or directory (os error 2)
Persisting failed: Another write batch or compaction is already active (Only a single write operations is allowed at a time)
Persisting failed: Another write batch or compaction is already active (Only a single write operations is allowed at a time)
Persisting failed: Another write batch or compaction is already active (Only a single write operations is allowed at a time)

thread 'tokio-runtime-worker' (144109) panicked at /Users/vercel/dev/actions-runner/_work/next.js/next.js/turbopack/crates/turbo-tasks-backend/src/backend/operation/mod.rs:156:17:
Failed to restore task data (corrupted database or bug): Data for EcmascriptInputTransforms::extend (TaskId 20215))

Caused by:
    0: Looking up data for TaskId 20215 from database failed
    1: Invalid block type
note: run with `RUST_BACKTRACE=1` environment variable to display a backtrace
тЧЛ Compiling / ...
Persisting failed: Another write batch or compaction is already active (Only a single write operations is allowed at a time)
Persisting failed: Another write batch or compaction is already active (Only a single write operations is allowed at a time)
тип ./node_modules/next/dist/esm/server/app-render/dynamic-rendering.js:27:1
Module not found: Can't resolve '../dynamic-rendering-utils'


Import trace:
  Edge Middleware:
    ./node_modules/next/dist/esm/server/app-render/dynamic-rendering.js
    ./node_modules/next/dist/esm/server/request/connection.js
    ./node_modules/next/dist/esm/server/web/exports/index.js
    ./middleware.ts

https://nextjs.org/docs/messages/module-not-found


тип ./node_modules/next/dist/esm/server/app-render/dynamic-rendering.js:27:1
Module not found: Can't resolve '../dynamic-rendering-utils'


Import trace:
  Edge Middleware:
    ./node_modules/next/dist/esm/server/app-render/dynamic-rendering.js
    ./node_modules/next/dist/esm/server/request/connection.js
    ./node_modules/next/dist/esm/server/web/exports/index.js
    ./middleware.ts

https://nextjs.org/docs/messages/module-not-found


тип ./node_modules/next/dist/esm/server/request/connection.js:5:1
Module not found: Can't resolve '../dynamic-rendering-utils'


Import trace:
  Edge Middleware:
    ./node_modules/next/dist/esm/server/request/connection.js
    ./node_modules/next/dist/esm/server/web/exports/index.js
    ./middleware.ts

https://nextjs.org/docs/messages/module-not-found


тип ./node_modules/next/dist/esm/server/request/connection.js:5:1
Module not found: Can't resolve '../dynamic-rendering-utils'


Import trace:
  Edge Middleware:
    ./node_modules/next/dist/esm/server/request/connection.js
    ./node_modules/next/dist/esm/server/web/exports/index.js
    ./middleware.ts

https://nextjs.org/docs/messages/module-not-found


тип ./node_modules/next/dist/esm/server/request/connection.js:5:1
Module not found: Can't resolve '../dynamic-rendering-utils'


Import trace:
  Edge Middleware:
    ./node_modules/next/dist/esm/server/request/connection.js
    ./node_modules/next/dist/esm/server/web/exports/index.js
    ./middleware.ts

https://nextjs.org/docs/messages/module-not-found


тип ./node_modules/next/dist/esm/server/web/adapter.js:70:13
Module not found: Can't resolve 'next/dist/experimental/testmode/server-edge'
Import map: aliased to module 'next' with subpath '/dist/experimental/testmode/server-edge' inside of [project]/


https://nextjs.org/docs/messages/module-not-found


тип ./node_modules/next/dist/esm/api/server.js:1:1
Module not found: Can't resolve '../server/web/exports/index'


Import trace:
  Edge Middleware:
    ./node_modules/next/dist/esm/api/server.js
    ./middleware.ts

https://nextjs.org/docs/messages/module-not-found


тип ./node_modules/next/dist/esm/api/server.js:1:1
Module not found: Can't resolve '../server/web/exports/index'


Import trace:
  Edge Middleware:
    ./node_modules/next/dist/esm/api/server.js
    ./middleware.ts

https://nextjs.org/docs/messages/module-not-found


тип ./node_modules/next/dist/esm/build/templates/middleware.js:2:1
Module not found: Can't resolve 'next/dist/esm/server/web/adapter'
Import map: aliased to module 'next' with subpath '/dist/esm/server/web/adapter' inside of [project]/


https://nextjs.org/docs/messages/module-not-found


тип ./node_modules/next/dist/esm/build/templates/middleware.js:2:1
Module not found: Can't resolve 'next/dist/esm/server/web/adapter'
Import map: aliased to module 'next' with subpath '/dist/esm/server/web/adapter' inside of [project]/


https://nextjs.org/docs/messages/module-not-found


тип ./node_modules/next/dist/esm/build/templates/middleware.js:1:1
Module not found: Can't resolve 'next/dist/esm/server/web/globals'
Import map: aliased to module 'next' with subpath '/dist/esm/server/web/globals' inside of [project]/


https://nextjs.org/docs/messages/module-not-found


тип ./node_modules/next/dist/esm/build/templates/middleware.js:5:1
Module not found: Can't resolve 'next/dist/esm/server/web/globals'
Import map: aliased to module 'next' with subpath '/dist/esm/server/web/globals' inside of [project]/


https://nextjs.org/docs/messages/module-not-found


тип ./node_modules/next/dist/esm/build/templates/middleware.js:5:1
Module not found: Can't resolve 'next/dist/esm/server/web/globals'
Import map: aliased to module 'next' with subpath '/dist/esm/server/web/globals' inside of [project]/


https://nextjs.org/docs/messages/module-not-found



thread 'tokio-runtime-worker' (144101) panicked at /Users/vercel/dev/actions-runner/_work/next.js/next.js/turbopack/crates/turbo-tasks-backend/src/backend/operation/mod.rs:156:17:
Failed to restore task data (corrupted database or bug): Meta for <EcmascriptModuleAsset as Module>::side_effects (TaskId 20878))

Caused by:
    0: Looking up data for TaskId 20878 from database failed
    1: Unable to open static sorted file referenced from 00000021.meta
    2: Unable to open static sorted file 00000018.sst
    3: No such file or directory (os error 2)

thread 'tokio-runtime-worker' (147044) panicked at /Users/vercel/dev/actions-runner/_work/next.js/next.js/turbopack/crates/turbo-tasks-backend/src/backend/operation/mod.rs:156:17:
Failed to restore task data (corrupted database or bug): Data for value_to_string (TaskId 20895))

Caused by:
    0: Looking up data for TaskId 20895 from database failed
    1: Invalid block type

-----
[1m[31mFATAL[39m[0m: An unexpected Turbopack error occurred. A panic log has been written to /var/folders/br/3gg81mgs57z6w8h64_hylvwm0000gn/T/next-panic-7286c25a11e82c9ab1b18fdb206c48a1.log.

To help make Turbopack better, report this error by ]8;;https://github.com/vercel/next.js/discussions/new?category=turbopack-error-report&title=Turbopack%20Error%3A%20Expected%20file%20content%20for%20file&body=Turbopack%20version%3A%20%60v16.1.0-canary.22-36-g1427bf872%60%0ANext.js%20version%3A%20%600.0.0%60%0A%0AError%20message%3A%0A%60%60%60%0AExpected%20file%20content%20for%20file%0A%0ADebug%20info%3A%0A-%20Execution%20of%20subscribe_issues_and_diags_operation%20failed%0A-%20Execution%20of%20%3CMiddlewareEndpoint%20as%20Endpoint%3E%3A%3Aserver_changed%20failed%0A-%20Execution%20of%20%2AProject%3A%3Aserver_changed%20failed%0A-%20Execution%20of%20MiddlewareEndpoint%3A%3Aoutput_assets%20failed%0A-%20Execution%20of%20MiddlewareEndpoint%3A%3Aedge_chunk_group%20failed%0A-%20Execution%20of%20MiddlewareEndpoint%3A%3Aentry_module%20failed%0A-%20Execution%20of%20%2Awrap_edge_entry%20failed%0A-%20Execution%20of%20get_middleware_module%20failed%0A-%20Execution%20of%20file_content_rope%20failed%0A-%20Expected%20file%20content%20for%20file%0A%60%60%60&labels=Turbopack,Turbopack%20Panic%20Backtrace\clicking here.]8;;\
-----

Error [TurbopackInternalError]: Expected file content for file

Debug info:
- Execution of get_written_endpoint_with_issues_operation failed
- Execution of endpoint_write_to_disk failed
- Execution of <MiddlewareEndpoint as Endpoint>::output failed
- Execution of *all_server_paths failed
- Execution of MiddlewareEndpoint::output_assets failed
- Execution of MiddlewareEndpoint::edge_chunk_group failed
- Execution of MiddlewareEndpoint::entry_module failed
- Execution of *wrap_edge_entry failed
- Execution of get_middleware_module failed
- Execution of file_content_rope failed
- Expected file content for file
    at <unknown> (TurbopackInternalError: Expected file content for file) {
  location: undefined
}
